<?xml version="1.0" encoding="UTF-8" ?>
<testsuite failures="0" time="0.012" errors="0" skipped="0" tests="1" name="sms_voting_service.sms_voting_service.AppTest">
  <properties>
    <property name="java.runtime.name" value="Java(TM) SE Runtime Environment"/>
    <property name="sun.boot.library.path" value="/Library/Java/JavaVirtualMachines/jdk1.7.0_51.jdk/Contents/Home/jre/lib"/>
    <property name="java.vm.version" value="24.51-b03"/>
    <property name="gopherProxySet" value="false"/>
    <property name="java.vm.vendor" value="Oracle Corporation"/>
    <property name="java.vendor.url" value="http://java.oracle.com/"/>
    <property name="path.separator" value=":"/>
    <property name="java.vm.name" value="Java HotSpot(TM) 64-Bit Server VM"/>
    <property name="file.encoding.pkg" value="sun.io"/>
    <property name="user.country" value="US"/>
    <property name="sun.java.launcher" value="SUN_STANDARD"/>
    <property name="sun.os.patch.level" value="unknown"/>
    <property name="java.vm.specification.name" value="Java Virtual Machine Specification"/>
    <property name="user.dir" value="/Users/minu/Documents/workspace-sts-3.4.0.RELEASE/sms-voting-service"/>
    <property name="java.runtime.version" value="1.7.0_51-b13"/>
    <property name="java.awt.graphicsenv" value="sun.awt.CGraphicsEnvironment"/>
    <property name="basedir" value="/Users/minu/Documents/workspace-sts-3.4.0.RELEASE/sms-voting-service"/>
    <property name="java.endorsed.dirs" value="/Library/Java/JavaVirtualMachines/jdk1.7.0_51.jdk/Contents/Home/jre/lib/endorsed"/>
    <property name="os.arch" value="x86_64"/>
    <property name="surefire.real.class.path" value="/Users/minu/Documents/workspace-sts-3.4.0.RELEASE/sms-voting-service/target/surefire/surefirebooter6282582915811877044.jar"/>
    <property name="java.io.tmpdir" value="/var/folders/wj/mwjp58z91rl2wmdcwhq40nj00000gn/T/"/>
    <property name="line.separator" value="
"/>
    <property name="java.vm.specification.vendor" value="Oracle Corporation"/>
    <property name="os.name" value="Mac OS X"/>
    <property name="sun.jnu.encoding" value="UTF-8"/>
    <property name="java.library.path" value="/Users/minu/Library/Java/Extensions:/Library/Java/Extensions:/Network/Library/Java/Extensions:/System/Library/Java/Extensions:/usr/lib/java:."/>
    <property name="surefire.test.class.path" value="/Users/minu/Documents/workspace-sts-3.4.0.RELEASE/sms-voting-service/target/test-classes:/Users/minu/Documents/workspace-sts-3.4.0.RELEASE/sms-voting-service/target/classes:/Users/minu/.m2/repository/junit/junit/3.8.1/junit-3.8.1.jar:/Users/minu/.m2/repository/com/yammer/dropwizard/dropwizard-core/0.6.2/dropwizard-core-0.6.2.jar:/Users/minu/.m2/repository/com/sun/jersey/jersey-core/1.17.1/jersey-core-1.17.1.jar:/Users/minu/.m2/repository/com/sun/jersey/jersey-server/1.17.1/jersey-server-1.17.1.jar:/Users/minu/.m2/repository/asm/asm/3.1/asm-3.1.jar:/Users/minu/.m2/repository/com/sun/jersey/jersey-servlet/1.17.1/jersey-servlet-1.17.1.jar:/Users/minu/.m2/repository/com/yammer/metrics/metrics-core/2.2.0/metrics-core-2.2.0.jar:/Users/minu/.m2/repository/com/yammer/metrics/metrics-servlet/2.2.0/metrics-servlet-2.2.0.jar:/Users/minu/.m2/repository/com/yammer/metrics/metrics-jetty/2.2.0/metrics-jetty-2.2.0.jar:/Users/minu/.m2/repository/com/yammer/metrics/metrics-logback/2.2.0/metrics-logback-2.2.0.jar:/Users/minu/.m2/repository/com/yammer/metrics/metrics-jersey/2.2.0/metrics-jersey-2.2.0.jar:/Users/minu/.m2/repository/com/yammer/metrics/metrics-annotation/2.2.0/metrics-annotation-2.2.0.jar:/Users/minu/.m2/repository/com/fasterxml/jackson/core/jackson-databind/2.1.4/jackson-databind-2.1.4.jar:/Users/minu/.m2/repository/com/fasterxml/jackson/core/jackson-annotations/2.1.4/jackson-annotations-2.1.4.jar:/Users/minu/.m2/repository/com/fasterxml/jackson/core/jackson-core/2.1.4/jackson-core-2.1.4.jar:/Users/minu/.m2/repository/com/fasterxml/jackson/jaxrs/jackson-jaxrs-json-provider/2.1.4/jackson-jaxrs-json-provider-2.1.4.jar:/Users/minu/.m2/repository/com/fasterxml/jackson/module/jackson-module-jaxb-annotations/2.1.4/jackson-module-jaxb-annotations-2.1.4.jar:/Users/minu/.m2/repository/com/fasterxml/jackson/dataformat/jackson-dataformat-yaml/2.1.4/jackson-dataformat-yaml-2.1.4.jar:/Users/minu/.m2/repository/com/fasterxml/jackson/datatype/jackson-datatype-guava/2.1.2/jackson-datatype-guava-2.1.2.jar:/Users/minu/.m2/repository/net/sourceforge/argparse4j/argparse4j/0.4.0/argparse4j-0.4.0.jar:/Users/minu/.m2/repository/org/slf4j/slf4j-api/1.7.4/slf4j-api-1.7.4.jar:/Users/minu/.m2/repository/org/slf4j/jul-to-slf4j/1.7.4/jul-to-slf4j-1.7.4.jar:/Users/minu/.m2/repository/ch/qos/logback/logback-core/1.0.10/logback-core-1.0.10.jar:/Users/minu/.m2/repository/ch/qos/logback/logback-classic/1.0.10/logback-classic-1.0.10.jar:/Users/minu/.m2/repository/org/slf4j/log4j-over-slf4j/1.7.4/log4j-over-slf4j-1.7.4.jar:/Users/minu/.m2/repository/org/eclipse/jetty/jetty-server/8.1.10.v20130312/jetty-server-8.1.10.v20130312.jar:/Users/minu/.m2/repository/org/eclipse/jetty/orbit/javax.servlet/3.0.0.v201112011016/javax.servlet-3.0.0.v201112011016.jar:/Users/minu/.m2/repository/org/eclipse/jetty/jetty-continuation/8.1.10.v20130312/jetty-continuation-8.1.10.v20130312.jar:/Users/minu/.m2/repository/org/eclipse/jetty/jetty-servlet/8.1.10.v20130312/jetty-servlet-8.1.10.v20130312.jar:/Users/minu/.m2/repository/org/eclipse/jetty/jetty-security/8.1.10.v20130312/jetty-security-8.1.10.v20130312.jar:/Users/minu/.m2/repository/org/eclipse/jetty/jetty-http/8.1.10.v20130312/jetty-http-8.1.10.v20130312.jar:/Users/minu/.m2/repository/org/eclipse/jetty/jetty-io/8.1.10.v20130312/jetty-io-8.1.10.v20130312.jar:/Users/minu/.m2/repository/org/eclipse/jetty/jetty-util/8.1.10.v20130312/jetty-util-8.1.10.v20130312.jar:/Users/minu/.m2/repository/com/google/guava/guava/14.0.1/guava-14.0.1.jar:/Users/minu/.m2/repository/com/google/code/findbugs/jsr305/2.0.1/jsr305-2.0.1.jar:/Users/minu/.m2/repository/org/hibernate/hibernate-validator/4.3.1.Final/hibernate-validator-4.3.1.Final.jar:/Users/minu/.m2/repository/javax/validation/validation-api/1.0.0.GA/validation-api-1.0.0.GA.jar:/Users/minu/.m2/repository/org/jboss/logging/jboss-logging/3.1.0.CR2/jboss-logging-3.1.0.CR2.jar:/Users/minu/.m2/repository/joda-time/joda-time/2.2/joda-time-2.2.jar:/Users/minu/.m2/repository/com/fasterxml/jackson/datatype/jackson-datatype-joda/2.1.2/jackson-datatype-joda-2.1.2.jar:"/>
    <property name="java.specification.name" value="Java Platform API Specification"/>
    <property name="java.class.version" value="51.0"/>
    <property name="sun.management.compiler" value="HotSpot 64-Bit Tiered Compilers"/>
    <property name="os.version" value="10.8.5"/>
    <property name="http.nonProxyHosts" value="local|*.local|169.254/16|*.169.254/16"/>
    <property name="user.home" value="/Users/minu"/>
    <property name="user.timezone" value=""/>
    <property name="java.awt.printerjob" value="sun.lwawt.macosx.CPrinterJob"/>
    <property name="java.specification.version" value="1.7"/>
    <property name="file.encoding" value="UTF-8"/>
    <property name="user.name" value="minu"/>
    <property name="java.class.path" value="/Users/minu/Documents/workspace-sts-3.4.0.RELEASE/sms-voting-service/target/test-classes:/Users/minu/Documents/workspace-sts-3.4.0.RELEASE/sms-voting-service/target/classes:/Users/minu/.m2/repository/junit/junit/3.8.1/junit-3.8.1.jar:/Users/minu/.m2/repository/com/yammer/dropwizard/dropwizard-core/0.6.2/dropwizard-core-0.6.2.jar:/Users/minu/.m2/repository/com/sun/jersey/jersey-core/1.17.1/jersey-core-1.17.1.jar:/Users/minu/.m2/repository/com/sun/jersey/jersey-server/1.17.1/jersey-server-1.17.1.jar:/Users/minu/.m2/repository/asm/asm/3.1/asm-3.1.jar:/Users/minu/.m2/repository/com/sun/jersey/jersey-servlet/1.17.1/jersey-servlet-1.17.1.jar:/Users/minu/.m2/repository/com/yammer/metrics/metrics-core/2.2.0/metrics-core-2.2.0.jar:/Users/minu/.m2/repository/com/yammer/metrics/metrics-servlet/2.2.0/metrics-servlet-2.2.0.jar:/Users/minu/.m2/repository/com/yammer/metrics/metrics-jetty/2.2.0/metrics-jetty-2.2.0.jar:/Users/minu/.m2/repository/com/yammer/metrics/metrics-logback/2.2.0/metrics-logback-2.2.0.jar:/Users/minu/.m2/repository/com/yammer/metrics/metrics-jersey/2.2.0/metrics-jersey-2.2.0.jar:/Users/minu/.m2/repository/com/yammer/metrics/metrics-annotation/2.2.0/metrics-annotation-2.2.0.jar:/Users/minu/.m2/repository/com/fasterxml/jackson/core/jackson-databind/2.1.4/jackson-databind-2.1.4.jar:/Users/minu/.m2/repository/com/fasterxml/jackson/core/jackson-annotations/2.1.4/jackson-annotations-2.1.4.jar:/Users/minu/.m2/repository/com/fasterxml/jackson/core/jackson-core/2.1.4/jackson-core-2.1.4.jar:/Users/minu/.m2/repository/com/fasterxml/jackson/jaxrs/jackson-jaxrs-json-provider/2.1.4/jackson-jaxrs-json-provider-2.1.4.jar:/Users/minu/.m2/repository/com/fasterxml/jackson/module/jackson-module-jaxb-annotations/2.1.4/jackson-module-jaxb-annotations-2.1.4.jar:/Users/minu/.m2/repository/com/fasterxml/jackson/dataformat/jackson-dataformat-yaml/2.1.4/jackson-dataformat-yaml-2.1.4.jar:/Users/minu/.m2/repository/com/fasterxml/jackson/datatype/jackson-datatype-guava/2.1.2/jackson-datatype-guava-2.1.2.jar:/Users/minu/.m2/repository/net/sourceforge/argparse4j/argparse4j/0.4.0/argparse4j-0.4.0.jar:/Users/minu/.m2/repository/org/slf4j/slf4j-api/1.7.4/slf4j-api-1.7.4.jar:/Users/minu/.m2/repository/org/slf4j/jul-to-slf4j/1.7.4/jul-to-slf4j-1.7.4.jar:/Users/minu/.m2/repository/ch/qos/logback/logback-core/1.0.10/logback-core-1.0.10.jar:/Users/minu/.m2/repository/ch/qos/logback/logback-classic/1.0.10/logback-classic-1.0.10.jar:/Users/minu/.m2/repository/org/slf4j/log4j-over-slf4j/1.7.4/log4j-over-slf4j-1.7.4.jar:/Users/minu/.m2/repository/org/eclipse/jetty/jetty-server/8.1.10.v20130312/jetty-server-8.1.10.v20130312.jar:/Users/minu/.m2/repository/org/eclipse/jetty/orbit/javax.servlet/3.0.0.v201112011016/javax.servlet-3.0.0.v201112011016.jar:/Users/minu/.m2/repository/org/eclipse/jetty/jetty-continuation/8.1.10.v20130312/jetty-continuation-8.1.10.v20130312.jar:/Users/minu/.m2/repository/org/eclipse/jetty/jetty-servlet/8.1.10.v20130312/jetty-servlet-8.1.10.v20130312.jar:/Users/minu/.m2/repository/org/eclipse/jetty/jetty-security/8.1.10.v20130312/jetty-security-8.1.10.v20130312.jar:/Users/minu/.m2/repository/org/eclipse/jetty/jetty-http/8.1.10.v20130312/jetty-http-8.1.10.v20130312.jar:/Users/minu/.m2/repository/org/eclipse/jetty/jetty-io/8.1.10.v20130312/jetty-io-8.1.10.v20130312.jar:/Users/minu/.m2/repository/org/eclipse/jetty/jetty-util/8.1.10.v20130312/jetty-util-8.1.10.v20130312.jar:/Users/minu/.m2/repository/com/google/guava/guava/14.0.1/guava-14.0.1.jar:/Users/minu/.m2/repository/com/google/code/findbugs/jsr305/2.0.1/jsr305-2.0.1.jar:/Users/minu/.m2/repository/org/hibernate/hibernate-validator/4.3.1.Final/hibernate-validator-4.3.1.Final.jar:/Users/minu/.m2/repository/javax/validation/validation-api/1.0.0.GA/validation-api-1.0.0.GA.jar:/Users/minu/.m2/repository/org/jboss/logging/jboss-logging/3.1.0.CR2/jboss-logging-3.1.0.CR2.jar:/Users/minu/.m2/repository/joda-time/joda-time/2.2/joda-time-2.2.jar:/Users/minu/.m2/repository/com/fasterxml/jackson/datatype/jackson-datatype-joda/2.1.2/jackson-datatype-joda-2.1.2.jar:"/>
    <property name="java.vm.specification.version" value="1.7"/>
    <property name="sun.arch.data.model" value="64"/>
    <property name="java.home" value="/Library/Java/JavaVirtualMachines/jdk1.7.0_51.jdk/Contents/Home/jre"/>
    <property name="sun.java.command" value="/Users/minu/Documents/workspace-sts-3.4.0.RELEASE/sms-voting-service/target/surefire/surefirebooter6282582915811877044.jar /Users/minu/Documents/workspace-sts-3.4.0.RELEASE/sms-voting-service/target/surefire/surefire3679709561864260363tmp /Users/minu/Documents/workspace-sts-3.4.0.RELEASE/sms-voting-service/target/surefire/surefire4170339622479264932tmp"/>
    <property name="java.specification.vendor" value="Oracle Corporation"/>
    <property name="user.language" value="en"/>
    <property name="awt.toolkit" value="sun.lwawt.macosx.LWCToolkit"/>
    <property name="java.vm.info" value="mixed mode"/>
    <property name="java.version" value="1.7.0_51"/>
    <property name="java.ext.dirs" value="/Users/minu/Library/Java/Extensions:/Library/Java/JavaVirtualMachines/jdk1.7.0_51.jdk/Contents/Home/jre/lib/ext:/Library/Java/Extensions:/Network/Library/Java/Extensions:/System/Library/Java/Extensions:/usr/lib/java"/>
    <property name="sun.boot.class.path" value="/Library/Java/JavaVirtualMachines/jdk1.7.0_51.jdk/Contents/Home/jre/lib/resources.jar:/Library/Java/JavaVirtualMachines/jdk1.7.0_51.jdk/Contents/Home/jre/lib/rt.jar:/Library/Java/JavaVirtualMachines/jdk1.7.0_51.jdk/Contents/Home/jre/lib/sunrsasign.jar:/Library/Java/JavaVirtualMachines/jdk1.7.0_51.jdk/Contents/Home/jre/lib/jsse.jar:/Library/Java/JavaVirtualMachines/jdk1.7.0_51.jdk/Contents/Home/jre/lib/jce.jar:/Library/Java/JavaVirtualMachines/jdk1.7.0_51.jdk/Contents/Home/jre/lib/charsets.jar:/Library/Java/JavaVirtualMachines/jdk1.7.0_51.jdk/Contents/Home/jre/lib/jfr.jar:/Library/Java/JavaVirtualMachines/jdk1.7.0_51.jdk/Contents/Home/jre/classes"/>
    <property name="java.vendor" value="Oracle Corporation"/>
    <property name="localRepository" value="/Users/minu/.m2/repository"/>
    <property name="file.separator" value="/"/>
    <property name="java.vendor.url.bug" value="http://bugreport.sun.com/bugreport/"/>
    <property name="sun.cpu.endian" value="little"/>
    <property name="sun.io.unicode.encoding" value="UnicodeBig"/>
    <property name="socksNonProxyHosts" value="local|*.local|169.254/16|*.169.254/16"/>
    <property name="ftp.nonProxyHosts" value="local|*.local|169.254/16|*.169.254/16"/>
    <property name="sun.cpu.isalist" value=""/>
  </properties>
  <testcase time="0.001" classname="sms_voting_service.sms_voting_service.AppTest" name="testApp"/>
</testsuite>